<?xml version="1.0" encoding="UTF-8"?>
<!-- Generated by org.testng.reporters.JUnitReportReporter -->
<testsuite hostname="yueweiguo1" name="testNG.demo.PersonServiceTest" tests="1" failures="0" timestamp="7 Apr 2016 08:16:37 GMT" time="0.004" errors="0">
  <testcase name="TestNgLearn" time="0.004" classname="testNG.demo.PersonServiceTest"/>
</testsuite> <!-- testNG.demo.PersonServiceTest -->
