<?xml version="1.0" encoding="UTF-8"?>
<!-- Generated by org.testng.reporters.JUnitReportReporter -->
<testsuite hostname="yueweiguo1" name="testNG.demo.TestNGDemo" tests="3" failures="0" timestamp="7 Apr 2016 08:47:13 GMT" time="0.008" errors="0">
  <testcase name="testNG" time="0.007" classname="testNG.demo.TestNGDemo"/>
  <testcase name="testNG2" time="0.001" classname="testNG.demo.TestNGDemo"/>
  <testcase name="testNG1" time="0.000" classname="testNG.demo.TestNGDemo"/>
</testsuite> <!-- testNG.demo.TestNGDemo -->
